  frienddy.cpp
C:\Users\Majster\Desktop\IEPS\C++\frienddy\frienddy.cpp(26,21): error C2143: błąd składniowy: brakuje „]” przed „stała”
C:\Users\Majster\Desktop\IEPS\C++\frienddy\frienddy.cpp(26,21): error C3260: „stała”: pomijanie nieoczekiwanych tokenów przed treścią operatora lambda
C:\Users\Majster\Desktop\IEPS\C++\frienddy\frienddy.cpp(36,1): fatal error C1903: nie można odzyskać od poprzedniego błędu(ów); zatrzymywanie kompilacji

Podsumowanie wydajności projektu:
     1673 ms  C:\Users\Majster\Desktop\IEPS\C++\frienddy\frienddy.vcxproj — wywołań:   1
               1673 ms  Build                                    — wywołań:   1

Podsumowanie wydajności elementu docelowego:
        0 ms  BeforeBuildGenerateSources               — wywołań:   1
        0 ms  ResolveAssemblyReferences                — wywołań:   1
        0 ms  AfterResolveReferences                   — wywołań:   1
        0 ms  ResolveReferences                        — wywołań:   1
        0 ms  BuildGenerateSources                     — wywołań:   1
        0 ms  _BuildGenerateSourcesAction              — wywołań:   1
        0 ms  SelectClCompile                          — wywołań:   1
        0 ms  ExpandSDKReferences                      — wywołań:   1
        0 ms  PreBuildEvent                            — wywołań:   1
        0 ms  SelectCustomBuild                        — wywołań:   1
        0 ms  ComputeCustomBuildOutput                 — wywołań:   1
        0 ms  AfterBuildGenerateSourcesEvent           — wywołań:   1
        0 ms  _Xsd                                     — wywołań:   1
        0 ms  AfterBuildGenerateSources                — wywołań:   1
        0 ms  ComputeMIDLGeneratedCompileInputs        — wywołań:   1
        0 ms  _SelectedFiles                           — wywołań:   1
        0 ms  AfterMidl                                — wywołań:   1
        0 ms  BuildCompileTraverse                     — wywołań:   1
        0 ms  ComputeCLInputPDBName                    — wywołań:   1
        0 ms  SetTelemetryEnvironmentVariables         — wywołań:   1
        0 ms  _PrepareForBuild                         — wywołań:   1
        0 ms  _PrepareForReferenceResolution           — wywołań:   1
        0 ms  BeforeResolveReferences                  — wywołań:   1
        0 ms  ComputeReferenceCLInput                  — wywołań:   1
        0 ms  _SplitProjectReferencesByFileExistence   — wywołań:   1
        0 ms  BeforeClCompile                          — wywołań:   1
        0 ms  _Midl                                    — wywołań:   1
        0 ms  ResolveProjectReferences                 — wywołań:   1
        0 ms  GetReferenceAssemblyPaths                — wywołań:   1
        0 ms  FindReferenceAssembliesForReferences     — wywołań:   1
        0 ms  GetResolvedWinMD                         — wywołań:   1
        0 ms  _CheckWindowsSDKInstalled                — wywołań:   1
        0 ms  PrepareProjectReferences                 — wywołań:   1
        1 ms  _GetProjectReferenceTargetFrameworkProperties — wywołań:   1
        1 ms  MakeDirsForCl                            — wywołań:   1
        1 ms  GetFrameworkPaths                        — wywołań:   1
        1 ms  BuildGenerateSourcesTraverse             — wywołań:   1
        1 ms  MakeDirsForMidl                          — wywołań:   1
        1 ms  FixupCLCompileOptions                    — wywołań:   1
        1 ms  SetBuildDefaultEnvironmentVariables      — wywołań:   1
        1 ms  CopyFileToFolders                        — wywołań:   1
        1 ms  ResolveSDKReferences                     — wywołań:   1
        1 ms  SetCABuildNativeEnvironmentVariables     — wywołań:   1
        1 ms  AssignProjectConfiguration               — wywołań:   1
        2 ms  WarnCompileDuplicatedFilename            — wywołań:   1
        4 ms  InitializeBuildStatus                    — wywołań:   1
        6 ms  PrepareForBuild                          — wywołań:   1
        6 ms  _CheckForInvalidConfigurationAndPlatform — wywołań:   1
        7 ms  CustomBuild                              — wywołań:   1
     1635 ms  ClCompile                                — wywołań:   1

Podsumowanie wydajności zadania:
        0 ms  CheckVCToolsetVersion                    — wywołań:   1
        1 ms  MSBuild                                  — wywołań:   1
        1 ms  Message                                  — wywołań:   2
        1 ms  ReadLinesFromFile                        — wywołań:   1
        1 ms  SetEnv                                   — wywołań:   8
        1 ms  WriteLinesToFile                         — wywołań:   1
        1 ms  Touch                                    — wywołań:   1
        1 ms  AssignProjectConfiguration               — wywołań:   1
        2 ms  MakeDir                                  — wywołań:   5
        7 ms  GetOutOfDateItems                        — wywołań:   3
     1633 ms  CL                                       — wywołań:   1
