  duple.cpp
C:\Program Files (x86)\Microsoft Visual Studio\2019\Community\VC\Tools\MSVC\14.25.28610\include\tuple(163,47): warning C4244: "inicjowanie": konwersja z "_Ty" do "_Ty", możliwa utrata danych
          with
          [
              _Ty=double
          ]
          and
          [
              _Ty=float
          ]
C:\Program Files (x86)\Microsoft Visual Studio\2019\Community\VC\Tools\MSVC\14.25.28610\include\tuple(234): message : zobacz odwołanie do kompilowanego tworzenia wystąpienia „std::_Tuple_val<_This>::_Tuple_val<_Ty>(_Other &&)” funkcji szablon
          with
          [
              _This=float,
              _Ty=double,
              _Other=double
          ]
C:\Program Files (x86)\Microsoft Visual Studio\2019\Community\VC\Tools\MSVC\14.25.28610\include\tuple(234): message : zobacz odwołanie do kompilowanego tworzenia wystąpienia „std::_Tuple_val<_This>::_Tuple_val<_Ty>(_Other &&)” funkcji szablon
          with
          [
              _This=float,
              _Ty=double,
              _Other=double
          ]
C:\Program Files (x86)\Microsoft Visual Studio\2019\Community\VC\Tools\MSVC\14.25.28610\include\tuple(234): message : zobacz odwołanie do kompilowanego tworzenia wystąpienia „std::tuple<float>::tuple<std::_Exact_args_t,_Ty,,0>(_Tag,_This2 &&)” funkcji szablon
          with
          [
              _Ty=double,
              _Tag=std::_Exact_args_t,
              _This2=double
          ]
C:\Program Files (x86)\Microsoft Visual Studio\2019\Community\VC\Tools\MSVC\14.25.28610\include\tuple(234): message : zobacz odwołanie do kompilowanego tworzenia wystąpienia „std::tuple<float>::tuple<std::_Exact_args_t,_Ty,,0>(_Tag,_This2 &&)” funkcji szablon
          with
          [
              _Ty=double,
              _Tag=std::_Exact_args_t,
              _This2=double
          ]
C:\Program Files (x86)\Microsoft Visual Studio\2019\Community\VC\Tools\MSVC\14.25.28610\include\tuple(315): message : zobacz odwołanie do kompilowanego tworzenia wystąpienia „std::tuple<int,float>::tuple<std::_Exact_args_t,_Ty,double,0>(_Tag,_This2 &&,double &&)” funkcji szablon
          with
          [
              _Ty=int,
              _Tag=std::_Exact_args_t,
              _This2=int
          ]
C:\Program Files (x86)\Microsoft Visual Studio\2019\Community\VC\Tools\MSVC\14.25.28610\include\tuple(315): message : zobacz odwołanie do kompilowanego tworzenia wystąpienia „std::tuple<int,float>::tuple<std::_Exact_args_t,_Ty,double,0>(_Tag,_This2 &&,double &&)” funkcji szablon
          with
          [
              _Ty=int,
              _Tag=std::_Exact_args_t,
              _This2=int
          ]
C:\Users\Majster\Desktop\IEPS\C++\duple\duple.cpp(30): message : zobacz odwołanie do kompilowanego tworzenia wystąpienia „std::tuple<int,float>::tuple<int,double,0>(_This2 &&,double &&) noexcept” funkcji szablon
          with
          [
              _This2=int
          ]
C:\Users\Majster\Desktop\IEPS\C++\duple\duple.cpp(30): message : zobacz odwołanie do kompilowanego tworzenia wystąpienia „std::tuple<int,float>::tuple<int,double,0>(_This2 &&,double &&) noexcept” funkcji szablon
          with
          [
              _This2=int
          ]
  duple.vcxproj -> C:\Users\Majster\Desktop\IEPS\C++\duple\Debug\duple.exe

Podsumowanie wydajności projektu:
     3108 ms  C:\Users\Majster\Desktop\IEPS\C++\duple\duple.vcxproj — wywołań:   1
               3108 ms  Build                                    — wywołań:   1

Podsumowanie wydajności elementu docelowego:
        0 ms  _ResourceCompile                         — wywołań:   1
        0 ms  _Link                                    — wywołań:   1
        0 ms  AfterLink                                — wywołań:   1
        0 ms  ComputeLinkImportLibraryOutputsForClean  — wywołań:   1
        0 ms  PreLinkEvent                             — wywołań:   1
        0 ms  PrepareResourceNames                     — wywołań:   1
        0 ms  CreateCustomManifestResourceNames        — wywołań:   1
        0 ms  ComputeManifestInputsTargets             — wywołań:   1
        0 ms  ComputeLinkInputsFromProject             — wywołań:   1
        0 ms  ComputeManifestGeneratedLinkerInputs     — wywołań:   1
        0 ms  ComputeRCGeneratedLinkInputs             — wywołań:   1
        0 ms  ComputeRCOutputs                         — wywołań:   1
        0 ms  BeforeLink                               — wywołań:   1
        0 ms  BuildLinkTraverse                        — wywołań:   1
        0 ms  BuildCompile                             — wywołań:   1
        0 ms  _BuildCompileAction                      — wywołań:   1
        0 ms  AfterBuildCompileEvent                   — wywołań:   1
        0 ms  AfterResourceCompile                     — wywołań:   1
        0 ms  BeforeResourceCompile                    — wywołań:   1
        0 ms  _ClCompile                               — wywołań:   1
        0 ms  _ALink                                   — wywołań:   1
        0 ms  AfterClCompile                           — wywołań:   1
        0 ms  _Manifest                                — wywołań:   1
        0 ms  ComputeCLCompileGeneratedXDCFiles        — wywołań:   1
        0 ms  AfterBuild                               — wywołań:   1
        0 ms  BuildLink                                — wywołań:   1
        0 ms  _BuildLinkAction                         — wywołań:   1
        0 ms  PostBuildEvent                           — wywołań:   1
        0 ms  PrepareForRun                            — wywołań:   1
        0 ms  _CheckForCompileOutputs                  — wywołań:   1
        0 ms  _CopySourceItemsToOutputDirectory        — wywołań:   1
        0 ms  _GetCopyToOutputDirectoryItemsFromThisProject — wywołań:   1
        0 ms  _GetCopyToOutputDirectoryItemsFromTransitiveProjectReferences — wywołań:   1
        0 ms  GetCopyToOutputDirectoryXamlAppDefs      — wywołań:   1
        0 ms  _PopulateCommonStateForGetCopyToOutputDirectoryItems — wywołań:   1
        0 ms  _Deploy                                  — wywołań:   1
        0 ms  _Appverifier                             — wywołań:   1
        0 ms  CreateSatelliteAssemblies                — wywołań:   1
        0 ms  _GenerateSatelliteAssemblyInputs         — wywołań:   1
        0 ms  _BscMake                                 — wywołań:   1
        0 ms  MakeDirsForBscMake                       — wywołań:   1
        0 ms  ComputeCLCompileGeneratedSbrFiles        — wywołań:   1
        0 ms  _XdcMake                                 — wywołań:   1
        0 ms  ResolvedXDCMake                          — wywołań:   1
        0 ms  SelectClCompile                          — wywołań:   1
        0 ms  Build                                    — wywołań:   1
        0 ms  _SelectedFiles                           — wywołań:   1
        0 ms  SelectCustomBuild                        — wywołań:   1
        0 ms  BuildGenerateSourcesTraverse             — wywołań:   1
        0 ms  ComputeCustomBuildOutput                 — wywołań:   1
        0 ms  ResolveReferences                        — wywołań:   1
        0 ms  AfterResolveReferences                   — wywołań:   1
        0 ms  ResolveAssemblyReferences                — wywołań:   1
        0 ms  ExpandSDKReferences                      — wywołań:   1
        0 ms  _Xsd                                     — wywołań:   1
        0 ms  ResolveSDKReferences                     — wywołań:   1
        0 ms  _CheckWindowsSDKInstalled                — wywołań:   1
        0 ms  MakeDirsForMidl                          — wywołań:   1
        0 ms  ComputeMIDLGeneratedCompileInputs        — wywołań:   1
        0 ms  AfterMidl                                — wywołań:   1
        0 ms  BeforeBuildGenerateSources               — wywołań:   1
        0 ms  _Midl                                    — wywołań:   1
        0 ms  AfterBuildGenerateSources                — wywołań:   1
        0 ms  AfterBuildGenerateSourcesEvent           — wywołań:   1
        0 ms  _BuildGenerateSourcesAction              — wywołań:   1
        0 ms  BuildGenerateSources                     — wywołań:   1
        0 ms  PrepareProjectReferences                 — wywołań:   1
        0 ms  BuildCompileTraverse                     — wywołań:   1
        0 ms  _SplitProjectReferencesByFileExistence   — wywołań:   1
        0 ms  BeforeClCompile                          — wywołań:   1
        0 ms  ComputeCLInputPDBName                    — wywołań:   1
        0 ms  FindReferenceAssembliesForReferences     — wywołań:   1
        0 ms  BeforeResolveReferences                  — wywołań:   1
        0 ms  ComputeReferenceCLInput                  — wywołań:   1
        0 ms  _PrepareForReferenceResolution           — wywołań:   1
        0 ms  SetBuildDefaultEnvironmentVariables      — wywołań:   1
        0 ms  PreBuildEvent                            — wywołań:   1
        1 ms  DoLinkOutputFilesMatch                   — wywołań:   1
        1 ms  FixupCLCompileOptions                    — wywołań:   1
        1 ms  RegisterOutput                           — wywołań:   1
        1 ms  _PrepareForBuild                         — wywołań:   1
        1 ms  ComputeLegacyManifestEmbedding           — wywołań:   1
        1 ms  CopyFileToFolders                        — wywołań:   1
        1 ms  IncrementalClean                         — wywołań:   1
        1 ms  GetReferenceAssemblyPaths                — wywołań:   1
        1 ms  MakeDirsForXdcMake                       — wywołań:   1
        1 ms  MakeDirsForResourceCompile               — wywołań:   1
        1 ms  GetResolvedWinMD                         — wywołań:   1
        1 ms  GetFrameworkPaths                        — wywołań:   1
        1 ms  SetCABuildNativeEnvironmentVariables     — wywołań:   1
        2 ms  _GetProjectReferenceTargetFrameworkProperties — wywołań:   1
        2 ms  ComputeCLOutputs                         — wywołań:   1
        2 ms  FinalizeBuildStatus                      — wywołań:   1
        2 ms  SplitResourcesByCulture                  — wywołań:   1
        2 ms  MakeDirsForLink                          — wywołań:   1
        3 ms  GetCopyToOutputDirectoryItems            — wywołań:   1
        4 ms  _CleanGetCurrentAndPriorFileWrites       — wywołań:   1
        4 ms  CopyFilesToOutputDirectory               — wywołań:   1
        4 ms  AssignTargetPaths                        — wywołań:   1
        4 ms  AssignProjectConfiguration               — wywołań:   1
        5 ms  ComputeLinkSwitches                      — wywołań:   1
        5 ms  WarnCompileDuplicatedFilename            — wywołań:   1
        8 ms  CustomBuild                              — wywołań:   1
        9 ms  MakeDirsForCl                            — wywołań:   1
       11 ms  SetTelemetryEnvironmentVariables         — wywołań:   1
       17 ms  InitializeBuildStatus                    — wywołań:   1
       17 ms  ComputeCLGeneratedLinkInputs             — wywołań:   1
       17 ms  PrepareForBuild                          — wywołań:   1
       23 ms  _CheckForInvalidConfigurationAndPlatform — wywołań:   1
       25 ms  ResolveProjectReferences                 — wywołań:   1
      687 ms  Link                                     — wywołań:   1
     2231 ms  ClCompile                                — wywołań:   1

Podsumowanie wydajności zadania:
        0 ms  ConvertToAbsolutePath                    — wywołań:   1
        0 ms  MSBuild                                  — wywołań:   1
        0 ms  AssignCulture                            — wywołań:   1
        1 ms  WriteLinesToFile                         — wywołań:   1
        1 ms  RemoveDuplicates                         — wywołań:   2
        1 ms  FindUnderPath                            — wywołań:   5
        1 ms  Message                                  — wywołań:   3
        1 ms  Delete                                   — wywołań:   2
        2 ms  CheckVCToolsetVersion                    — wywołań:   1
        2 ms  Copy                                     — wywołań:   1
        2 ms  CallTarget                               — wywołań:   2
        2 ms  ReadLinesFromFile                        — wywołań:   2
        3 ms  SetEnv                                   — wywołań:   8
        3 ms  AssignTargetPath                         — wywołań:   7
        3 ms  AssignProjectConfiguration               — wywołań:   1
        5 ms  MakeDir                                  — wywołań:   9
        9 ms  GetOutOfDateItems                        — wywołań:   3
       14 ms  Touch                                    — wywołań:   2
      686 ms  Link                                     — wywołań:   1
     2230 ms  CL                                       — wywołań:   1
