  mutual exclusion threading.cpp
C:\Users\Majster\Desktop\IEPS\C++\mutual exclusion threading\mutual exclusion threading.cpp(8,6): error C2039: „mutex”: nie jest składową elementu „std”
C:\Program Files (x86)\Microsoft Visual Studio\2019\Community\VC\Tools\MSVC\14.25.28610\include\thread(28): message : zobacz deklarację „std”
C:\Users\Majster\Desktop\IEPS\C++\mutual exclusion threading\mutual exclusion threading.cpp(8,13): error C4430: brak specyfikatora typu - założono, że int. Uwaga: C++ nie obsługuje domyślnie typu int
C:\Users\Majster\Desktop\IEPS\C++\mutual exclusion threading\mutual exclusion threading.cpp(8,12): error C2146: błąd składniowy: brakuje „;” przed identyfikatorem „m”
C:\Users\Majster\Desktop\IEPS\C++\mutual exclusion threading\mutual exclusion threading.cpp(11,5): error C2065: "m": niezadeklarowany identyfikator

Podsumowanie wydajności projektu:
     3367 ms  C:\Users\Majster\Desktop\IEPS\C++\mutual exclusion threading\mutual exclusion threading.vcxproj — wywołań:   1
               3367 ms  Build                                    — wywołań:   1

Podsumowanie wydajności elementu docelowego:
        0 ms  BeforeBuildGenerateSources               — wywołań:   1
        0 ms  ComputeMIDLGeneratedCompileInputs        — wywołań:   1
        0 ms  SelectCustomBuild                        — wywołań:   1
        0 ms  _SelectedFiles                           — wywołań:   1
        0 ms  PreBuildEvent                            — wywołań:   1
        0 ms  SelectClCompile                          — wywołań:   1
        0 ms  AfterMidl                                — wywołań:   1
        0 ms  ComputeReferenceCLInput                  — wywołań:   1
        0 ms  ResolveReferences                        — wywołań:   1
        0 ms  AfterResolveReferences                   — wywołań:   1
        0 ms  _Midl                                    — wywołań:   1
        0 ms  ExpandSDKReferences                      — wywołań:   1
        0 ms  ResolveSDKReferences                     — wywołań:   1
        0 ms  AfterBuildGenerateSources                — wywołań:   1
        0 ms  MakeDirsForMidl                          — wywołań:   1
        0 ms  SetCABuildNativeEnvironmentVariables     — wywołań:   1
        0 ms  GetResolvedWinMD                         — wywołań:   1
        0 ms  _BuildGenerateSourcesAction              — wywołań:   1
        0 ms  BuildGenerateSources                     — wywołań:   1
        0 ms  GetFrameworkPaths                        — wywołań:   1
        0 ms  ResolveProjectReferences                 — wywołań:   1
        0 ms  PrepareProjectReferences                 — wywołań:   1
        0 ms  BuildCompileTraverse                     — wywołań:   1
        0 ms  _SplitProjectReferencesByFileExistence   — wywołań:   1
        0 ms  BeforeClCompile                          — wywołań:   1
        0 ms  BeforeResolveReferences                  — wywołań:   1
        0 ms  _PrepareForBuild                         — wywołań:   1
        0 ms  FindReferenceAssembliesForReferences     — wywołań:   1
        0 ms  AfterBuildGenerateSourcesEvent           — wywołań:   1
        0 ms  _Xsd                                     — wywołań:   1
        1 ms  _PrepareForReferenceResolution           — wywołań:   1
        1 ms  FixupCLCompileOptions                    — wywołań:   1
        1 ms  _CheckWindowsSDKInstalled                — wywołań:   1
        1 ms  ComputeCustomBuildOutput                 — wywołań:   1
        1 ms  AssignProjectConfiguration               — wywołań:   1
        1 ms  GetReferenceAssemblyPaths                — wywołań:   1
        1 ms  ComputeCLInputPDBName                    — wywołań:   1
        1 ms  BuildGenerateSourcesTraverse             — wywołań:   1
        1 ms  CopyFileToFolders                        — wywołań:   1
        1 ms  ResolveAssemblyReferences                — wywołań:   1
        1 ms  WarnCompileDuplicatedFilename            — wywołań:   1
        1 ms  SetBuildDefaultEnvironmentVariables      — wywołań:   1
        1 ms  MakeDirsForCl                            — wywołań:   1
        1 ms  SetTelemetryEnvironmentVariables         — wywołań:   1
        3 ms  _GetProjectReferenceTargetFrameworkProperties — wywołań:   1
        3 ms  CustomBuild                              — wywołań:   1
        9 ms  _CheckForInvalidConfigurationAndPlatform — wywołań:   1
       11 ms  InitializeBuildStatus                    — wywołań:   1
       21 ms  PrepareForBuild                          — wywołań:   1
     3299 ms  ClCompile                                — wywołań:   1

Podsumowanie wydajności zadania:
        1 ms  MSBuild                                  — wywołań:   1
        1 ms  MakeDir                                  — wywołań:   5
        1 ms  Message                                  — wywołań:   2
        1 ms  AssignProjectConfiguration               — wywołań:   1
        1 ms  ReadLinesFromFile                        — wywołań:   1
        1 ms  CheckVCToolsetVersion                    — wywołań:   1
        2 ms  GetOutOfDateItems                        — wywołań:   3
        2 ms  SetEnv                                   — wywołań:   8
        3 ms  Touch                                    — wywołań:   1
        6 ms  WriteLinesToFile                         — wywołań:   1
     3298 ms  CL                                       — wywołań:   1
